loadConfig "debug" is selected
loadConfig loadConfig func:
loadConfig   path: cfg/
loadConfig   filename: gwmpd_sample
loadConfig   logtype in file config is "debug"
initGin Port: 8060
loadConfig "debug" is selected
loadConfig loadConfig func:
loadConfig   path: cfg/
loadConfig   filename: gwmpd_sample
loadConfig   logtype in file config is "debug"
initGin Port: 8060
loadConfig "debug" is selected
loadConfig loadConfig func:
loadConfig   path: cfg/
loadConfig   filename: gwmpd_sample
loadConfig   logtype in file config is "debug"
initMPDSocket Unable to connect to mpd server: dial tcp 127.0.0.1:6600: connect: connection refused
loadConfig Unable to load config "cfg/gwmpd_sample" file: While parsing config: (5, 6): cannot have two dots in one float
loadConfig "debug" is selected
loadConfig loadConfig func:
loadConfig   path: cfg/
loadConfig   filename: gwmpd_sample
loadConfig   logtype in file config is "debug"
loadConfig "debug" is selected
loadConfig loadConfig func:
loadConfig   path: cfg/
loadConfig   filename: gwmpd_sample
loadConfig   logtype in file config is "debug"
initGin Port: 8060
loadConfig "debug" is selected
loadConfig loadConfig func:
loadConfig   path: cfg/
loadConfig   filename: gwmpd_sample
loadConfig   logtype in file config is "debug"
initGin Port: 8060
readLineProcess > [%!!(uint8=79) %!!(uint8=75) %!!(uint8=32) %!!(uint8=77) %!!(uint8=80) %!!(uint8=68) %!!(uint8=32) %!!(uint8=48) %!!(uint8=46) %!!(uint8=50) %!!(uint8=48) %!!(uint8=46) %!!(uint8=48)]s(MISSING)
loadConfig "debug" is selected
loadConfig loadConfig func:
loadConfig   path: cfg/
loadConfig   filename: gwmpd_sample
loadConfig   logtype in file config is "debug"
initGin Port: 8060
readLineProcess > %!!(string=OK MPD 0.20.0)s(MISSING)
loadConfig "debug" is selected
loadConfig loadConfig func:
loadConfig   path: cfg/
loadConfig   filename: gwmpd_sample
loadConfig   logtype in file config is "debug"
initGin Port: 8060
readLineProcess > OK MPD 0.20.0
loadConfig "debug" is selected
loadConfig loadConfig func:
loadConfig   path: cfg/
loadConfig   filename: gwmpd_sample
loadConfig   logtype in file config is "debug"
initGin Port: 8060
eventManagement > OK MPD 0.20.0
readLineProcess Unable to read line from 192.168.1.1: EOF
loadConfig "debug" is selected
loadConfig loadConfig func:
loadConfig   path: cfg/
loadConfig   filename: gwmpd_sample
loadConfig   logtype in file config is "debug"
initGin Port: 8060
eventManagement > OK MPD 0.20.0
readLineProcess Unable to read line from 192.168.1.1: EOF
loadConfig "debug" is selected
loadConfig loadConfig func:
loadConfig   path: cfg/
loadConfig   filename: gwmpd_sample
loadConfig   logtype in file config is "debug"
initGin Port: 8060
eventManagement > OK MPD 0.20.0
readLineProcess Unable to read line from 192.168.1.1: EOF
loadConfig "debug" is selected
loadConfig loadConfig func:
loadConfig   path: cfg/
loadConfig   filename: gwmpd_sample
loadConfig   logtype in file config is "debug"
initGin Port: 8060
eventManagement > OK MPD 0.20.0
writeProcess < ping
readLineProcess Unable to read line from 192.168.1.1: EOF
loadConfig "debug" is selected
loadConfig loadConfig func:
loadConfig   path: cfg/
loadConfig   filename: gwmpd_sample
loadConfig   logtype in file config is "debug"
initGin Port: 8060
eventManagement > OK MPD 0.20.0
loadConfig "debug" is selected
loadConfig loadConfig func:
loadConfig   path: cfg/
loadConfig   filename: gwmpd_sample
loadConfig   logtype in file config is "debug"
initGin Port: 8060
eventManagement > OK MPD 0.20.0
writeProcess < ping
readLineProcess Unable to read line from 192.168.1.1: EOF
loadConfig "debug" is selected
loadConfig loadConfig func:
loadConfig   path: cfg/
loadConfig   filename: gwmpd_sample
loadConfig   logtype in file config is "debug"
initGin Port: 8060
eventManagement > OK MPD 0.20.0
writeProcess < ping
eventManagement > OK
eventManagement > ACK [5@0] {} No command given
readLineProcess Unable to read line from 192.168.1.1: EOF
loadConfig "debug" is selected
loadConfig loadConfig func:
loadConfig   path: cfg/
loadConfig   filename: gwmpd_sample
loadConfig   logtype in file config is "debug"
initGin Port: 8060
eventManagement > OK MPD 0.20.0
writeProcess < ping
readLineProcess Unable to read line from 192.168.1.1: EOF
loadConfig "debug" is selected
loadConfig loadConfig func:
loadConfig   path: cfg/
loadConfig   filename: gwmpd_sample
loadConfig   logtype in file config is "debug"
initGin Port: 8060
eventManagement > OK MPD 0.20.0
writeProcess < ping
eventManagement > OK
writeProcess < ping
eventManagement > OK
writeProcess < ping
eventManagement > OK
writeProcess < ping
eventManagement > OK
writeProcess < ping
eventManagement > OK
writeProcess < ping
eventManagement > OK
writeProcess < ping
eventManagement > OK
writeProcess < ping
eventManagement > OK
writeProcess < ping
eventManagement > OK
writeProcess < ping
eventManagement > OK
writeProcess < ping
eventManagement > OK
writeProcess < ping
eventManagement > OK
loadConfig "debug" is selected
loadConfig loadConfig func:
loadConfig   path: cfg/
loadConfig   filename: gwmpd_sample
loadConfig   logtype in file config is "debug"
initGin Port: 8060
eventManagement > OK MPD 0.20.0
writeProcess < ping
eventManagement > OK
writeProcess < ping
eventManagement > OK
writeProcess < ping
eventManagement > OK
writeProcess < ping
eventManagement > OK
writeProcess < ping
eventManagement > OK
loadConfig "debug" is selected
loadConfig loadConfig func:
loadConfig   path: cfg/
loadConfig   filename: gwmpd_sample
loadConfig   logtype in file config is "debug"
initGin Port: 8060
event > OK MPD 0.20.0
writeProcess < ping
event > OK
writeProcess < ping
event > OK
loadConfig "debug" is selected
loadConfig loadConfig func:
loadConfig   path: cfg/
loadConfig   filename: gwmpd_sample
loadConfig   logtype in file config is "debug"
initGin Port: 8060
event > OK MPD 0.20.0
writeProcess < ping
event > OK
writeProcess < ping
event > OK
writeProcess < ping
event > OK
writeProcess < ping
event > OK
writeProcess < ping
event > OK
writeProcess < ping
event > OK
